Build started 1/13/2016 9:58:52 PM.
     1>Project "C:\Users\Dr. Aung Win Htut\documents\visual studio 2010\Projects\hello\hello\hello.vcxproj" on node 2 (build target(s)).
     1>InitializeBuildStatus:
         Creating "Debug\hello.unsuccessfulbuild" because "AlwaysCreate" was specified.
       ClCompile:
         C:\Program Files (x86)\Microsoft Visual Studio 10.0\VC\bin\CL.exe /c /ZI /nologo /W3 /WX- /Od /Oy- /D WIN32 /D _DEBUG /D _CONSOLE /D _UNICODE /D UNICODE /Gm /EHsc /RTC1 /MDd /GS /fp:precise /Zc:wchar_t /Zc:forScope /Fo"Debug\\" /Fd"Debug\vc100.pdb" /Gd /TP /analyze- /errorReport:prompt hello.cpp
         hello.cpp
     1>c:\users\dr. aung win htut\documents\visual studio 2010\projects\hello\hello\hello.cpp(13): warning C4996: 'scanf': This function or variable may be unsafe. Consider using scanf_s instead. To disable deprecation, use _CRT_SECURE_NO_WARNINGS. See online help for details.
                 c:\program files (x86)\microsoft visual studio 10.0\vc\include\stdio.h(304) : see declaration of 'scanf'
     1>c:\users\dr. aung win htut\documents\visual studio 2010\projects\hello\hello\hello.cpp(15): warning C4996: 'scanf': This function or variable may be unsafe. Consider using scanf_s instead. To disable deprecation, use _CRT_SECURE_NO_WARNINGS. See online help for details.
                 c:\program files (x86)\microsoft visual studio 10.0\vc\include\stdio.h(304) : see declaration of 'scanf'
     1>c:\users\dr. aung win htut\documents\visual studio 2010\projects\hello\hello\hello.cpp(17): warning C4996: 'scanf': This function or variable may be unsafe. Consider using scanf_s instead. To disable deprecation, use _CRT_SECURE_NO_WARNINGS. See online help for details.
                 c:\program files (x86)\microsoft visual studio 10.0\vc\include\stdio.h(304) : see declaration of 'scanf'
     1>c:\users\dr. aung win htut\documents\visual studio 2010\projects\hello\hello\hello.cpp(19): warning C4996: 'scanf': This function or variable may be unsafe. Consider using scanf_s instead. To disable deprecation, use _CRT_SECURE_NO_WARNINGS. See online help for details.
                 c:\program files (x86)\microsoft visual studio 10.0\vc\include\stdio.h(304) : see declaration of 'scanf'
     1>c:\users\dr. aung win htut\documents\visual studio 2010\projects\hello\hello\hello.cpp(21): warning C4244: '=' : conversion from 'double' to 'float', possible loss of data
       ManifestResourceCompile:
         All outputs are up-to-date.
       Link:
         C:\Program Files (x86)\Microsoft Visual Studio 10.0\VC\bin\link.exe /ERRORREPORT:PROMPT /OUT:"C:\Users\Dr. Aung Win Htut\documents\visual studio 2010\Projects\hello\Debug\hello.exe" /INCREMENTAL /NOLOGO kernel32.lib user32.lib gdi32.lib winspool.lib comdlg32.lib advapi32.lib shell32.lib ole32.lib oleaut32.lib uuid.lib odbc32.lib odbccp32.lib /MANIFEST /ManifestFile:"Debug\hello.exe.intermediate.manifest" /MANIFESTUAC:"level='asInvoker' uiAccess='false'" /DEBUG /PDB:"C:\Users\Dr. Aung Win Htut\documents\visual studio 2010\Projects\hello\Debug\hello.pdb" /SUBSYSTEM:CONSOLE /TLBID:1 /DYNAMICBASE /NXCOMPAT /IMPLIB:"C:\Users\Dr. Aung Win Htut\documents\visual studio 2010\Projects\hello\Debug\hello.lib" /MACHINE:X86 Debug\hello.exe.embed.manifest.res
         Debug\hello.obj
       Manifest:
         C:\Program Files (x86)\Microsoft SDKs\Windows\v7.0A\bin\mt.exe /nologo /verbose /out:"Debug\hello.exe.embed.manifest" /manifest Debug\hello.exe.intermediate.manifest
         All outputs are up-to-date.
       LinkEmbedManifest:
         All outputs are up-to-date.
         hello.vcxproj -> C:\Users\Dr. Aung Win Htut\documents\visual studio 2010\Projects\hello\Debug\hello.exe
       FinalizeBuildStatus:
         Deleting file "Debug\hello.unsuccessfulbuild".
         Touching "Debug\hello.lastbuildstate".
     1>Done Building Project "C:\Users\Dr. Aung Win Htut\documents\visual studio 2010\Projects\hello\hello\hello.vcxproj" (build target(s)).

Build succeeded.

Time Elapsed 00:00:00.48
